<?xml version="1.0" encoding="UTF-8"?>
<testng-results ignored="0" total="4" passed="4" failed="0" skipped="0">
  <reporter-output>
    <line>
      <![CDATA[Open]]>
    </line>
    <line>
      <![CDATA[Open]]>
    </line>
    <line>
      <![CDATA[Login]]>
    </line>
    <line>
      <![CDATA[Create]]>
    </line>
    <line>
      <![CDATA[Logout]]>
    </line>
    <line>
      <![CDATA[Login]]>
    </line>
    <line>
      <![CDATA[Modify]]>
    </line>
    <line>
      <![CDATA[Logout]]>
    </line>
    <line>
      <![CDATA[Close]]>
    </line>
    <line>
      <![CDATA[Login]]>
    </line>
    <line>
      <![CDATA[Create]]>
    </line>
    <line>
      <![CDATA[Logout]]>
    </line>
    <line>
      <![CDATA[Login]]>
    </line>
    <line>
      <![CDATA[Modify]]>
    </line>
    <line>
      <![CDATA[Logout]]>
    </line>
    <line>
      <![CDATA[Close]]>
    </line>
  </reporter-output>
  <suite started-at="2023-09-09T08:36:44 IST" name="Suite" finished-at="2023-09-09T08:37:32 IST" duration-ms="48778">
    <groups>
    </groups>
    <test started-at="2023-09-09T08:36:44 IST" name="ChromeTest" finished-at="2023-09-09T08:37:03 IST" duration-ms="19610">
      <class name="com.jenkins.Email.TestExx">
        <test-method is-config="true" signature="open(java.lang.String)[pri:0, instance:com.jenkins.Email.TestExx@25084a1e]" started-at="2023-09-09T08:36:44 IST" name="open" finished-at="2023-09-09T08:36:46 IST" duration-ms="2754" status="PASS">
          <params>
            <param index="0">
              <value>
                <![CDATA[chrome]]>
              </value>
            </param>
          </params>
          <reporter-output>
            <line>
              <![CDATA[Open]]>
            </line>
          </reporter-output>
        </test-method> <!-- open -->
        <test-method is-config="true" signature="login(java.lang.String)[pri:0, instance:com.jenkins.Email.TestExx@25084a1e]" started-at="2023-09-09T08:36:46 IST" name="login" finished-at="2023-09-09T08:36:58 IST" duration-ms="11996" status="PASS">
          <params>
            <param index="0">
              <value>
                <![CDATA[https://www.amazon.com/]]>
              </value>
            </param>
          </params>
          <reporter-output>
            <line>
              <![CDATA[Login]]>
            </line>
          </reporter-output>
        </test-method> <!-- login -->
        <test-method signature="create()[pri:0, instance:com.jenkins.Email.TestExx@25084a1e]" started-at="2023-09-09T08:36:58 IST" name="create" finished-at="2023-09-09T08:36:58 IST" duration-ms="20" status="PASS">
          <reporter-output>
            <line>
              <![CDATA[Create]]>
            </line>
          </reporter-output>
        </test-method> <!-- create -->
        <test-method is-config="true" signature="logout()[pri:0, instance:com.jenkins.Email.TestExx@25084a1e]" started-at="2023-09-09T08:36:58 IST" name="logout" finished-at="2023-09-09T08:36:58 IST" duration-ms="1" status="PASS">
          <reporter-output>
            <line>
              <![CDATA[Logout]]>
            </line>
          </reporter-output>
        </test-method> <!-- logout -->
        <test-method is-config="true" signature="login(java.lang.String)[pri:0, instance:com.jenkins.Email.TestExx@25084a1e]" started-at="2023-09-09T08:36:58 IST" name="login" finished-at="2023-09-09T08:37:03 IST" duration-ms="4388" status="PASS">
          <params>
            <param index="0">
              <value>
                <![CDATA[https://www.amazon.com/]]>
              </value>
            </param>
          </params>
          <reporter-output>
            <line>
              <![CDATA[Login]]>
            </line>
          </reporter-output>
        </test-method> <!-- login -->
        <test-method signature="modify()[pri:0, instance:com.jenkins.Email.TestExx@25084a1e]" started-at="2023-09-09T08:37:03 IST" name="modify" finished-at="2023-09-09T08:37:03 IST" duration-ms="2" status="PASS">
          <reporter-output>
            <line>
              <![CDATA[Modify]]>
            </line>
          </reporter-output>
        </test-method> <!-- modify -->
        <test-method is-config="true" signature="logout()[pri:0, instance:com.jenkins.Email.TestExx@25084a1e]" started-at="2023-09-09T08:37:03 IST" name="logout" finished-at="2023-09-09T08:37:03 IST" duration-ms="0" status="PASS">
          <reporter-output>
            <line>
              <![CDATA[Logout]]>
            </line>
          </reporter-output>
        </test-method> <!-- logout -->
        <test-method is-config="true" signature="close()[pri:0, instance:com.jenkins.Email.TestExx@25084a1e]" started-at="2023-09-09T08:37:03 IST" name="close" finished-at="2023-09-09T08:37:03 IST" duration-ms="418" status="PASS">
          <reporter-output>
            <line>
              <![CDATA[Close]]>
            </line>
          </reporter-output>
        </test-method> <!-- close -->
      </class> <!-- com.jenkins.Email.TestExx -->
    </test> <!-- ChromeTest -->
    <test started-at="2023-09-09T08:36:44 IST" name="EdgeTest" finished-at="2023-09-09T08:37:32 IST" duration-ms="48778">
      <class name="com.jenkins.Email.TestExx">
        <test-method is-config="true" signature="open(java.lang.String)[pri:0, instance:com.jenkins.Email.TestExx@485966cc]" started-at="2023-09-09T08:36:44 IST" name="open" finished-at="2023-09-09T08:37:29 IST" duration-ms="45856" status="PASS">
          <params>
            <param index="0">
              <value>
                <![CDATA[edge]]>
              </value>
            </param>
          </params>
          <reporter-output>
            <line>
              <![CDATA[Open]]>
            </line>
          </reporter-output>
        </test-method> <!-- open -->
        <test-method is-config="true" signature="login(java.lang.String)[pri:0, instance:com.jenkins.Email.TestExx@485966cc]" started-at="2023-09-09T08:37:29 IST" name="login" finished-at="2023-09-09T08:37:32 IST" duration-ms="2228" status="PASS">
          <params>
            <param index="0">
              <value>
                <![CDATA[https://www.flipkart.com/]]>
              </value>
            </param>
          </params>
          <reporter-output>
            <line>
              <![CDATA[Login]]>
            </line>
          </reporter-output>
        </test-method> <!-- login -->
        <test-method signature="create()[pri:0, instance:com.jenkins.Email.TestExx@485966cc]" started-at="2023-09-09T08:37:32 IST" name="create" finished-at="2023-09-09T08:37:32 IST" duration-ms="2" status="PASS">
          <reporter-output>
            <line>
              <![CDATA[Create]]>
            </line>
          </reporter-output>
        </test-method> <!-- create -->
        <test-method is-config="true" signature="logout()[pri:0, instance:com.jenkins.Email.TestExx@485966cc]" started-at="2023-09-09T08:37:32 IST" name="logout" finished-at="2023-09-09T08:37:32 IST" duration-ms="0" status="PASS">
          <reporter-output>
            <line>
              <![CDATA[Logout]]>
            </line>
          </reporter-output>
        </test-method> <!-- logout -->
        <test-method is-config="true" signature="login(java.lang.String)[pri:0, instance:com.jenkins.Email.TestExx@485966cc]" started-at="2023-09-09T08:37:32 IST" name="login" finished-at="2023-09-09T08:37:32 IST" duration-ms="575" status="PASS">
          <params>
            <param index="0">
              <value>
                <![CDATA[https://www.flipkart.com/]]>
              </value>
            </param>
          </params>
          <reporter-output>
            <line>
              <![CDATA[Login]]>
            </line>
          </reporter-output>
        </test-method> <!-- login -->
        <test-method signature="modify()[pri:0, instance:com.jenkins.Email.TestExx@485966cc]" started-at="2023-09-09T08:37:32 IST" name="modify" finished-at="2023-09-09T08:37:32 IST" duration-ms="2" status="PASS">
          <reporter-output>
            <line>
              <![CDATA[Modify]]>
            </line>
          </reporter-output>
        </test-method> <!-- modify -->
        <test-method is-config="true" signature="logout()[pri:0, instance:com.jenkins.Email.TestExx@485966cc]" started-at="2023-09-09T08:37:32 IST" name="logout" finished-at="2023-09-09T08:37:32 IST" duration-ms="1" status="PASS">
          <reporter-output>
            <line>
              <![CDATA[Logout]]>
            </line>
          </reporter-output>
        </test-method> <!-- logout -->
        <test-method is-config="true" signature="close()[pri:0, instance:com.jenkins.Email.TestExx@485966cc]" started-at="2023-09-09T08:37:32 IST" name="close" finished-at="2023-09-09T08:37:32 IST" duration-ms="89" status="PASS">
          <reporter-output>
            <line>
              <![CDATA[Close]]>
            </line>
          </reporter-output>
        </test-method> <!-- close -->
      </class> <!-- com.jenkins.Email.TestExx -->
    </test> <!-- EdgeTest -->
  </suite> <!-- Suite -->
</testng-results>
